Jan-13 11:57:18.090 [main] DEBUG nextflow.cli.Launcher - $> nextflow kuberun Nine-s/rnasplice_generated_modified -r master -c nextflow.config
Jan-13 11:57:18.298 [main] DEBUG nextflow.plugin.PluginsFacade - Setting up plugin manager > mode=prod; embedded=false; plugins-dir=/home/ninon/.nextflow/plugins; core-plugins: nf-amazon@2.1.4,nf-azure@1.3.2,nf-cloudcache@0.3.0,nf-codecommit@0.1.5,nf-console@1.0.6,nf-ga4gh@1.1.0,nf-google@1.8.3,nf-tower@1.6.3,nf-wave@0.14.0
Jan-13 11:57:18.308 [main] INFO  o.pf4j.DefaultPluginStatusProvider - Enabled plugins: []
Jan-13 11:57:18.310 [main] INFO  o.pf4j.DefaultPluginStatusProvider - Disabled plugins: []
Jan-13 11:57:18.314 [main] INFO  org.pf4j.DefaultPluginManager - PF4J version 3.4.1 in 'deployment' mode
Jan-13 11:57:18.330 [main] INFO  org.pf4j.AbstractPluginManager - No plugins
Jan-13 11:57:18.347 [main] DEBUG nextflow.scm.ProviderConfig - Using SCM config path: /home/ninon/.nextflow/scm
Jan-13 11:57:18.378 [main] DEBUG nextflow.scm.RepositoryFactory - Found Git repository result: [RepositoryFactory]
Jan-13 11:57:18.391 [main] DEBUG nextflow.scm.RepositoryProvider - Request [credentials -:-] -> https://api.github.com/repos/Nine-s/rnasplice_generated_modified/contents/nextflow.config
Jan-13 11:57:19.135 [main] DEBUG nextflow.config.ConfigBuilder - Found config local: /home/ninon/description_prototype/v1/generated_workflow_modified/nextflow.config
Jan-13 11:57:19.142 [main] DEBUG nextflow.config.ConfigBuilder - User config file: https://github.com/Nine-s/rnasplice_generated_modified/nextflow.config
Jan-13 11:57:19.143 [main] DEBUG nextflow.config.ConfigBuilder - User config file: /home/ninon/description_prototype/v1/generated_workflow_modified/nextflow.config
Jan-13 11:57:19.144 [main] DEBUG nextflow.config.ConfigBuilder - Parsing config file: /home/ninon/description_prototype/v1/generated_workflow_modified/nextflow.config
Jan-13 11:57:19.144 [main] DEBUG nextflow.config.ConfigBuilder - Parsing config file: https://github.com/Nine-s/rnasplice_generated_modified/nextflow.config
Jan-13 11:57:19.144 [main] DEBUG nextflow.config.ConfigBuilder - Parsing config file: /home/ninon/description_prototype/v1/generated_workflow_modified/nextflow.config
Jan-13 11:57:19.168 [main] DEBUG nextflow.config.ConfigBuilder - Applying config profile: `standard`
Jan-13 11:57:20.098 [main] DEBUG nextflow.config.ConfigBuilder - Applying config profile: `standard`
Jan-13 11:57:20.244 [main] DEBUG nextflow.config.ConfigBuilder - Applying config profile: `standard`
Jan-13 11:57:20.344 [main] DEBUG nextflow.k8s.K8sConfig - Kubernetes workDir=/workspace/ninon/work; projectDir=/workspace/projects; volumeClaims=[nextflow-ninon]
Jan-13 11:57:20.471 [main] DEBUG nextflow.scm.ProviderConfig - Using SCM config path: /home/ninon/.nextflow/scm
Jan-13 11:57:20.608 [main] DEBUG nextflow.k8s.K8sDriverLauncher - Created K8s configMap with name: nf-config-b063ba0f
Jan-13 11:57:20.697 [main] INFO  nextflow.k8s.K8sDriverLauncher - Launcher pod spec file: .nextflow.pod.yaml
Jan-13 11:57:59.370 [main] DEBUG nextflow.k8s.K8sDriverLauncher - Wait for pod termination name=grave-bassi
